[36m--[0m Using CATKIN_DEVEL_PREFIX: /home/lizh/workspace/learning_ws/devel/.private/learning_topic
[36m--[0m Using CMAKE_PREFIX_PATH: /home/lizh/workspace/learning_ws/devel;/opt/ros/melodic
[36m--[0m This workspace overlays: /home/lizh/workspace/learning_ws/devel;/opt/ros/melodic
[36m--[0m Found PythonInterp: /usr/bin/python2 (found suitable version "2.7.17", minimum required is "2")
[36m--[0m Using PYTHON_EXECUTABLE: /usr/bin/python2
[36m--[0m Using Debian Python package layout
[36m--[0m Using empy: /usr/bin/empy
[36m--[0m Using CATKIN_ENABLE_TESTING: ON
[36m--[0m Call enable_testing()
[36m--[0m Using CATKIN_TEST_RESULTS_DIR: /home/lizh/workspace/learning_ws/build/learning_topic/test_results
[36m--[0m Found gtest sources under '/usr/src/googletest': gtests will be built
[36m--[0m Found gmock sources under '/usr/src/googletest': gmock will be built
[36m--[0m Found PythonInterp: /usr/bin/python2 (found version "2.7.17")
[36m--[0m Using Python nosetests: /usr/bin/nosetests-2.7
[36m--[0m catkin 0.7.29
[36m--[0m BUILD_SHARED_LIBS is on
[36m--[0m Using these message generators: gencpp;geneus;genlisp;gennodejs;genpy
[36m--[0m learning_topic: 1 messages, 0 services
[31m[1mCMake Error[0m at /opt/ros/melodic/share/catkin/cmake/catkin_package.cmake:108 (message):
  catkin_package() called with unused arguments: message_runtime
[36mCall Stack (most recent call first):[0m
  /opt/ros/melodic/share/catkin/cmake/catkin_package.cmake:102 (_catkin_package)
  CMakeLists.txt:109 (catkin_package)


[36m--[0m Configuring incomplete, errors occurred!
See also "/home/lizh/workspace/learning_ws/build/learning_topic/CMakeFiles/CMakeOutput.log".
See also "/home/lizh/workspace/learning_ws/build/learning_topic/CMakeFiles/CMakeError.log".
Makefile:828: recipe for target 'cmake_check_build_system' failed
make: *** [cmake_check_build_system] Error 1
