[35m[1mScanning dependencies of target _learning_topic_generate_messages_check_deps_Person[0m
[35m[1mScanning dependencies of target std_msgs_generate_messages_cpp[0m
[35m[1mScanning dependencies of target turtle_pose_sub[0m
[35m[1mScanning dependencies of target turtle_velocity_pub[0m
[  0%] Built target std_msgs_generate_messages_cpp
[ 18%] [32mBuilding CXX object CMakeFiles/turtle_pose_sub.dir/src/pose_sub.cpp.o[0m
[ 18%] [32mBuilding CXX object CMakeFiles/turtle_velocity_pub.dir/src/velocity_pub.cpp.o[0m
[35m[1mScanning dependencies of target std_msgs_generate_messages_nodejs[0m
[ 18%] Built target std_msgs_generate_messages_nodejs
[ 18%] Built target _learning_topic_generate_messages_check_deps_Person
[35m[1mScanning dependencies of target std_msgs_generate_messages_py[0m
[35m[1mScanning dependencies of target std_msgs_generate_messages_lisp[0m
[ 18%] Built target std_msgs_generate_messages_py
[ 18%] Built target std_msgs_generate_messages_lisp
[35m[1mScanning dependencies of target std_msgs_generate_messages_eus[0m
[35m[1mScanning dependencies of target learning_topic_generate_messages_cpp[0m
[ 18%] Built target std_msgs_generate_messages_eus
[ 27%] [34m[1mGenerating C++ code from learning_topic/Person.msg[0m
[35m[1mScanning dependencies of target learning_topic_generate_messages_nodejs[0m
[ 36%] [34m[1mGenerating Javascript code from learning_topic/Person.msg[0m
[ 36%] Built target learning_topic_generate_messages_nodejs
[35m[1mScanning dependencies of target learning_topic_generate_messages_py[0m
[ 45%] [34m[1mGenerating Python from MSG learning_topic/Person[0m
[ 45%] Built target learning_topic_generate_messages_cpp
[35m[1mScanning dependencies of target learning_topic_generate_messages_lisp[0m
[ 54%] [34m[1mGenerating Lisp code from learning_topic/Person.msg[0m
[ 54%] Built target learning_topic_generate_messages_lisp
[35m[1mScanning dependencies of target learning_topic_generate_messages_eus[0m
[ 63%] [34m[1mGenerating Python msg __init__.py for learning_topic[0m
[ 72%] [34m[1mGenerating EusLisp code from learning_topic/Person.msg[0m
[ 81%] [34m[1mGenerating EusLisp manifest code for learning_topic[0m
[ 81%] Built target learning_topic_generate_messages_py
[ 81%] Built target learning_topic_generate_messages_eus
[35m[1mScanning dependencies of target learning_topic_generate_messages[0m
[ 81%] Built target learning_topic_generate_messages
[ 90%] [32m[1mLinking CXX executable /home/lizh/workspace/learning_ws/devel/.private/learning_topic/lib/learning_topic/turtle_velocity_pub[0m
[100%] [32m[1mLinking CXX executable /home/lizh/workspace/learning_ws/devel/.private/learning_topic/lib/learning_topic/turtle_pose_sub[0m
[100%] Built target turtle_velocity_pub
[100%] Built target turtle_pose_sub
