[  0%] Built target std_msgs_generate_messages_nodejs
[  0%] Built target std_srvs_generate_messages_py
[  0%] Built target _learning_topic_generate_messages_check_deps_Person
[  0%] Built target std_msgs_generate_messages_lisp
[  0%] Built target std_msgs_generate_messages_py
[  0%] Built target std_msgs_generate_messages_eus
[  0%] Built target std_srvs_generate_messages_lisp
[  0%] Built target geometry_msgs_generate_messages_py
[  0%] Built target roscpp_generate_messages_cpp
[  0%] Built target turtlesim_generate_messages_cpp
[  0%] Built target rosgraph_msgs_generate_messages_py
[  0%] Built target std_msgs_generate_messages_cpp
[  0%] Built target roscpp_generate_messages_lisp
[  0%] Built target roscpp_generate_messages_py
[  0%] Built target std_srvs_generate_messages_eus
[  0%] Built target geometry_msgs_generate_messages_lisp
[  0%] Built target geometry_msgs_generate_messages_nodejs
[  0%] Built target geometry_msgs_generate_messages_cpp
[  0%] Built target roscpp_generate_messages_nodejs
[  0%] Built target geometry_msgs_generate_messages_eus
[  0%] Built target roscpp_generate_messages_eus
[  0%] Built target rosgraph_msgs_generate_messages_cpp
[  0%] Built target rosgraph_msgs_generate_messages_eus
[  0%] Built target std_srvs_generate_messages_cpp
[  0%] Built target rosgraph_msgs_generate_messages_lisp
[  0%] Built target turtlesim_generate_messages_eus
[  0%] Built target std_srvs_generate_messages_nodejs
[  6%] Built target learning_topic_generate_messages_cpp
[  6%] Built target rosgraph_msgs_generate_messages_nodejs
[  6%] Built target turtlesim_generate_messages_lisp
[  6%] Built target turtlesim_generate_messages_py
[  6%] Built target turtlesim_generate_messages_nodejs
[ 20%] Built target turtle_velocity_pub
[ 26%] Built target learning_topic_generate_messages_nodejs
[ 40%] Built target turtle_pose_sub
[ 53%] Built target learning_topic_generate_messages_py
[ 60%] Built target learning_topic_generate_messages_lisp
[ 73%] Built target learning_topic_generate_messages_eus
[ 73%] Built target learning_topic_generate_messages
[100%] Built target person_info_sub
[100%] Built target person_info_pub
