[  0%] Built target std_msgs_generate_messages_nodejs
[  0%] Built target std_msgs_generate_messages_py
[  0%] Built target std_srvs_generate_messages_py
[  0%] Built target std_msgs_generate_messages_eus
[  0%] Built target std_msgs_generate_messages_lisp
[  0%] Built target _learning_topic_generate_messages_check_deps_Person
[  0%] Built target std_srvs_generate_messages_lisp
[  0%] Built target geometry_msgs_generate_messages_py
[  0%] Built target turtlesim_generate_messages_cpp
[  0%] Built target roscpp_generate_messages_cpp
[  0%] Built target rosgraph_msgs_generate_messages_py
[  0%] Built target roscpp_generate_messages_py
[  0%] Built target std_msgs_generate_messages_cpp
[  0%] Built target roscpp_generate_messages_lisp
[  0%] Built target geometry_msgs_generate_messages_nodejs
[  0%] Built target std_srvs_generate_messages_eus
[  0%] Built target geometry_msgs_generate_messages_lisp
[  0%] Built target geometry_msgs_generate_messages_cpp
[  0%] Built target roscpp_generate_messages_nodejs
[  0%] Built target geometry_msgs_generate_messages_eus
[  0%] Built target roscpp_generate_messages_eus
[  0%] Built target rosgraph_msgs_generate_messages_cpp
[  0%] Built target rosgraph_msgs_generate_messages_eus
[  0%] Built target turtlesim_generate_messages_eus
[  0%] Built target std_srvs_generate_messages_cpp
[  0%] Built target rosgraph_msgs_generate_messages_lisp
[  0%] Built target std_srvs_generate_messages_nodejs
[  6%] Built target learning_topic_generate_messages_cpp
[  6%] Built target turtlesim_generate_messages_lisp
[  6%] Built target rosgraph_msgs_generate_messages_nodejs
[  6%] Built target turtlesim_generate_messages_nodejs
[  6%] Built target turtlesim_generate_messages_py
[ 20%] Built target turtle_velocity_pub
[ 33%] Built target turtle_pose_sub
[ 40%] Built target learning_topic_generate_messages_nodejs
[ 60%] Built target learning_topic_generate_messages_lisp
[ 66%] Built target learning_topic_generate_messages_py
[ 73%] Built target learning_topic_generate_messages_eus
[35m[1mScanning dependencies of target person_info_pub[0m
[ 73%] Built target learning_topic_generate_messages
[ 86%] Built target person_info_sub
[ 93%] [32mBuilding CXX object CMakeFiles/person_info_pub.dir/src/person_pub.cpp.o[0m
[100%] [32m[1mLinking CXX executable /home/lizh/workspace/learning_ws/devel/.private/learning_topic/lib/learning_topic/person_info_pub[0m
[100%] Built target person_info_pub
