[35m[1mScanning dependencies of target std_srvs_generate_messages_py[0m
[  0%] Built target std_msgs_generate_messages_nodejs
[  0%] Built target std_msgs_generate_messages_py
[  0%] Built target std_srvs_generate_messages_py
[35m[1mScanning dependencies of target std_srvs_generate_messages_lisp[0m
[  0%] Built target std_srvs_generate_messages_lisp
[  0%] Built target std_msgs_generate_messages_lisp
[  0%] Built target std_msgs_generate_messages_eus
[  0%] Built target _learning_topic_generate_messages_check_deps_Person
[35m[1mScanning dependencies of target turtlesim_generate_messages_cpp[0m
[35m[1mScanning dependencies of target roscpp_generate_messages_cpp[0m
[35m[1mScanning dependencies of target geometry_msgs_generate_messages_py[0m
[35m[1mScanning dependencies of target rosgraph_msgs_generate_messages_py[0m
[  0%] Built target turtlesim_generate_messages_cpp
[  0%] Built target rosgraph_msgs_generate_messages_py
[  0%] Built target roscpp_generate_messages_cpp
[  0%] Built target geometry_msgs_generate_messages_py
[35m[1mScanning dependencies of target roscpp_generate_messages_py[0m
[35m[1mScanning dependencies of target roscpp_generate_messages_lisp[0m
[35m[1mScanning dependencies of target geometry_msgs_generate_messages_nodejs[0m
[  0%] Built target roscpp_generate_messages_py
[  0%] Built target roscpp_generate_messages_lisp
[  0%] Built target std_msgs_generate_messages_cpp
[  0%] Built target geometry_msgs_generate_messages_nodejs
[35m[1mScanning dependencies of target std_srvs_generate_messages_eus[0m
[35m[1mScanning dependencies of target geometry_msgs_generate_messages_lisp[0m
[35m[1mScanning dependencies of target roscpp_generate_messages_nodejs[0m
[35m[1mScanning dependencies of target geometry_msgs_generate_messages_cpp[0m
[  0%] Built target std_srvs_generate_messages_eus
[  0%] Built target geometry_msgs_generate_messages_lisp
[  0%] Built target roscpp_generate_messages_nodejs
[  0%] Built target geometry_msgs_generate_messages_cpp
[35m[1mScanning dependencies of target geometry_msgs_generate_messages_eus[0m
[35m[1mScanning dependencies of target roscpp_generate_messages_eus[0m
[35m[1mScanning dependencies of target rosgraph_msgs_generate_messages_cpp[0m
[35m[1mScanning dependencies of target rosgraph_msgs_generate_messages_eus[0m
[  0%] Built target roscpp_generate_messages_eus
[  0%] Built target geometry_msgs_generate_messages_eus
[  0%] Built target rosgraph_msgs_generate_messages_eus
[35m[1mScanning dependencies of target std_srvs_generate_messages_cpp[0m
[  0%] Built target rosgraph_msgs_generate_messages_cpp
[35m[1mScanning dependencies of target rosgraph_msgs_generate_messages_lisp[0m
[  0%] Built target std_srvs_generate_messages_cpp
[35m[1mScanning dependencies of target turtlesim_generate_messages_eus[0m
[35m[1mScanning dependencies of target std_srvs_generate_messages_nodejs[0m
[  0%] Built target rosgraph_msgs_generate_messages_lisp
[  0%] Built target std_srvs_generate_messages_nodejs
[35m[1mScanning dependencies of target rosgraph_msgs_generate_messages_nodejs[0m
[  0%] Built target turtlesim_generate_messages_eus
[  6%] Built target learning_topic_generate_messages_cpp
[  6%] Built target rosgraph_msgs_generate_messages_nodejs
[35m[1mScanning dependencies of target turtlesim_generate_messages_lisp[0m
[35m[1mScanning dependencies of target turtlesim_generate_messages_nodejs[0m
[35m[1mScanning dependencies of target turtlesim_generate_messages_py[0m
[  6%] Built target turtlesim_generate_messages_nodejs
[  6%] Built target turtlesim_generate_messages_lisp
[  6%] Built target turtlesim_generate_messages_py
[ 20%] Built target turtle_velocity_pub
[ 26%] Built target learning_topic_generate_messages_nodejs
[ 40%] Built target turtle_pose_sub
[ 53%] Built target learning_topic_generate_messages_py
[ 60%] Built target learning_topic_generate_messages_lisp
[ 73%] Built target learning_topic_generate_messages_eus
[35m[1mScanning dependencies of target person_info_pub[0m
[35m[1mScanning dependencies of target person_info_sub[0m
[ 73%] Built target learning_topic_generate_messages
[ 86%] [32mBuilding CXX object CMakeFiles/person_info_pub.dir/src/person_pub.cpp.o[0m
[ 86%] [32mBuilding CXX object CMakeFiles/person_info_sub.dir/src/person_sub.cpp.o[0m
[ 93%] [32m[1mLinking CXX executable /home/lizh/workspace/learning_ws/devel/.private/learning_topic/lib/learning_topic/person_info_pub[0m
[100%] [32m[1mLinking CXX executable /home/lizh/workspace/learning_ws/devel/.private/learning_topic/lib/learning_topic/person_info_sub[0m
[100%] Built target person_info_pub
[100%] Built target person_info_sub
