Linked: (/home/lizh/workspace/learning_ws/devel/.private/learning_topic/share/gennodejs/ros/learning_topic/_index.js, /home/lizh/workspace/learning_ws/devel/share/gennodejs/ros/learning_topic/_index.js)
Linked: (/home/lizh/workspace/learning_ws/devel/.private/learning_topic/share/gennodejs/ros/learning_topic/msg/Person.js, /home/lizh/workspace/learning_ws/devel/share/gennodejs/ros/learning_topic/msg/Person.js)
Linked: (/home/lizh/workspace/learning_ws/devel/.private/learning_topic/share/gennodejs/ros/learning_topic/msg/_index.js, /home/lizh/workspace/learning_ws/devel/share/gennodejs/ros/learning_topic/msg/_index.js)
Linked: (/home/lizh/workspace/learning_ws/devel/.private/learning_topic/share/roseus/ros/learning_topic/manifest.l, /home/lizh/workspace/learning_ws/devel/share/roseus/ros/learning_topic/manifest.l)
Linked: (/home/lizh/workspace/learning_ws/devel/.private/learning_topic/share/roseus/ros/learning_topic/msg/Person.l, /home/lizh/workspace/learning_ws/devel/share/roseus/ros/learning_topic/msg/Person.l)
Linked: (/home/lizh/workspace/learning_ws/devel/.private/learning_topic/share/learning_topic/cmake/learning_topic-msg-paths.cmake, /home/lizh/workspace/learning_ws/devel/share/learning_topic/cmake/learning_topic-msg-paths.cmake)
Linked: (/home/lizh/workspace/learning_ws/devel/.private/learning_topic/share/learning_topic/cmake/learning_topicConfig.cmake, /home/lizh/workspace/learning_ws/devel/share/learning_topic/cmake/learning_topicConfig.cmake)
Linked: (/home/lizh/workspace/learning_ws/devel/.private/learning_topic/share/learning_topic/cmake/learning_topic-msg-extras.cmake, /home/lizh/workspace/learning_ws/devel/share/learning_topic/cmake/learning_topic-msg-extras.cmake)
Linked: (/home/lizh/workspace/learning_ws/devel/.private/learning_topic/share/learning_topic/cmake/learning_topicConfig-version.cmake, /home/lizh/workspace/learning_ws/devel/share/learning_topic/cmake/learning_topicConfig-version.cmake)
Linked: (/home/lizh/workspace/learning_ws/devel/.private/learning_topic/share/common-lisp/ros/learning_topic/msg/learning_topic-msg.asd, /home/lizh/workspace/learning_ws/devel/share/common-lisp/ros/learning_topic/msg/learning_topic-msg.asd)
Linked: (/home/lizh/workspace/learning_ws/devel/.private/learning_topic/share/common-lisp/ros/learning_topic/msg/Person.lisp, /home/lizh/workspace/learning_ws/devel/share/common-lisp/ros/learning_topic/msg/Person.lisp)
Linked: (/home/lizh/workspace/learning_ws/devel/.private/learning_topic/share/common-lisp/ros/learning_topic/msg/_package.lisp, /home/lizh/workspace/learning_ws/devel/share/common-lisp/ros/learning_topic/msg/_package.lisp)
Linked: (/home/lizh/workspace/learning_ws/devel/.private/learning_topic/share/common-lisp/ros/learning_topic/msg/_package_Person.lisp, /home/lizh/workspace/learning_ws/devel/share/common-lisp/ros/learning_topic/msg/_package_Person.lisp)
Linked: (/home/lizh/workspace/learning_ws/devel/.private/learning_topic/include/learning_topic/Person.h, /home/lizh/workspace/learning_ws/devel/include/learning_topic/Person.h)
Linked: (/home/lizh/workspace/learning_ws/devel/.private/learning_topic/lib/python2.7/dist-packages/learning_topic/__init__.py, /home/lizh/workspace/learning_ws/devel/lib/python2.7/dist-packages/learning_topic/__init__.py)
Linked: (/home/lizh/workspace/learning_ws/devel/.private/learning_topic/lib/python2.7/dist-packages/learning_topic/msg/__init__.py, /home/lizh/workspace/learning_ws/devel/lib/python2.7/dist-packages/learning_topic/msg/__init__.py)
Linked: (/home/lizh/workspace/learning_ws/devel/.private/learning_topic/lib/python2.7/dist-packages/learning_topic/msg/_Person.py, /home/lizh/workspace/learning_ws/devel/lib/python2.7/dist-packages/learning_topic/msg/_Person.py)
Symlinking /home/lizh/workspace/learning_ws/devel/lib/learning_topic/person_info_pub
Symlinking /home/lizh/workspace/learning_ws/devel/lib/learning_topic/person_info_sub
Linked: (/home/lizh/workspace/learning_ws/devel/.private/learning_topic/lib/learning_topic/turtle_pose_sub, /home/lizh/workspace/learning_ws/devel/lib/learning_topic/turtle_pose_sub)
Linked: (/home/lizh/workspace/learning_ws/devel/.private/learning_topic/lib/learning_topic/turtle_velocity_pub, /home/lizh/workspace/learning_ws/devel/lib/learning_topic/turtle_velocity_pub)
Linked: (/home/lizh/workspace/learning_ws/devel/.private/learning_topic/lib/pkgconfig/learning_topic.pc, /home/lizh/workspace/learning_ws/devel/lib/pkgconfig/learning_topic.pc)
