Symlinking /home/lizh/workspace/learning_ws/devel/share/gennodejs/ros/learning_topic/_index.js
Symlinking /home/lizh/workspace/learning_ws/devel/share/gennodejs/ros/learning_topic/msg/Person.js
Symlinking /home/lizh/workspace/learning_ws/devel/share/gennodejs/ros/learning_topic/msg/_index.js
Symlinking /home/lizh/workspace/learning_ws/devel/share/roseus/ros/learning_topic/manifest.l
Symlinking /home/lizh/workspace/learning_ws/devel/share/roseus/ros/learning_topic/msg/Person.l
Symlinking /home/lizh/workspace/learning_ws/devel/share/learning_topic/cmake/learning_topic-msg-paths.cmake
Linked: (/home/lizh/workspace/learning_ws/devel/.private/learning_topic/share/learning_topic/cmake/learning_topicConfig.cmake, /home/lizh/workspace/learning_ws/devel/share/learning_topic/cmake/learning_topicConfig.cmake)
Symlinking /home/lizh/workspace/learning_ws/devel/share/learning_topic/cmake/learning_topic-msg-extras.cmake
Linked: (/home/lizh/workspace/learning_ws/devel/.private/learning_topic/share/learning_topic/cmake/learning_topicConfig-version.cmake, /home/lizh/workspace/learning_ws/devel/share/learning_topic/cmake/learning_topicConfig-version.cmake)
Symlinking /home/lizh/workspace/learning_ws/devel/share/common-lisp/ros/learning_topic/msg/learning_topic-msg.asd
Symlinking /home/lizh/workspace/learning_ws/devel/share/common-lisp/ros/learning_topic/msg/Person.lisp
Symlinking /home/lizh/workspace/learning_ws/devel/share/common-lisp/ros/learning_topic/msg/_package.lisp
Symlinking /home/lizh/workspace/learning_ws/devel/share/common-lisp/ros/learning_topic/msg/_package_Person.lisp
Symlinking /home/lizh/workspace/learning_ws/devel/include/learning_topic/Person.h
Symlinking /home/lizh/workspace/learning_ws/devel/lib/python2.7/dist-packages/learning_topic/__init__.py
Symlinking /home/lizh/workspace/learning_ws/devel/lib/python2.7/dist-packages/learning_topic/msg/__init__.py
Symlinking /home/lizh/workspace/learning_ws/devel/lib/python2.7/dist-packages/learning_topic/msg/_Person.py
Linked: (/home/lizh/workspace/learning_ws/devel/.private/learning_topic/lib/learning_topic/turtle_pose_sub, /home/lizh/workspace/learning_ws/devel/lib/learning_topic/turtle_pose_sub)
Linked: (/home/lizh/workspace/learning_ws/devel/.private/learning_topic/lib/learning_topic/turtle_velocity_pub, /home/lizh/workspace/learning_ws/devel/lib/learning_topic/turtle_velocity_pub)
Linked: (/home/lizh/workspace/learning_ws/devel/.private/learning_topic/lib/pkgconfig/learning_topic.pc, /home/lizh/workspace/learning_ws/devel/lib/pkgconfig/learning_topic.pc)
