[35m[1mScanning dependencies of target std_msgs_generate_messages_nodejs[0m
[35m[1mScanning dependencies of target _learning_service_generate_messages_check_deps_Person[0m
[35m[1mScanning dependencies of target turtle_command_server[0m
[35m[1mScanning dependencies of target turtle_spawn[0m
[ 18%] [32mBuilding CXX object CMakeFiles/turtle_spawn.dir/src/turtle_spawn.cpp.o[0m
[ 18%] [32mBuilding CXX object CMakeFiles/turtle_command_server.dir/src/turtle_command_server.cpp.o[0m
[  0%] Built target std_msgs_generate_messages_nodejs
[35m[1mScanning dependencies of target std_msgs_generate_messages_py[0m
[ 18%] Built target _learning_service_generate_messages_check_deps_Person
[ 18%] Built target std_msgs_generate_messages_py
[35m[1mScanning dependencies of target std_msgs_generate_messages_lisp[0m
[ 18%] Built target std_msgs_generate_messages_lisp
[35m[1mScanning dependencies of target std_msgs_generate_messages_eus[0m
[ 18%] Built target std_msgs_generate_messages_eus
[35m[1mScanning dependencies of target std_msgs_generate_messages_cpp[0m
[35m[1mScanning dependencies of target learning_service_generate_messages_nodejs[0m
[ 18%] Built target std_msgs_generate_messages_cpp
[ 27%] [34m[1mGenerating Javascript code from learning_service/Person.srv[0m
[35m[1mScanning dependencies of target learning_service_generate_messages_py[0m
[ 36%] [34m[1mGenerating Python code from SRV learning_service/Person[0m
[ 36%] Built target learning_service_generate_messages_nodejs
[35m[1mScanning dependencies of target learning_service_generate_messages_lisp[0m
[ 45%] [34m[1mGenerating Lisp code from learning_service/Person.srv[0m
[ 54%] [34m[1mGenerating Python srv __init__.py for learning_service[0m
[ 54%] Built target learning_service_generate_messages_lisp
[35m[1mScanning dependencies of target learning_service_generate_messages_eus[0m
[ 63%] [34m[1mGenerating EusLisp code from learning_service/Person.srv[0m
[ 63%] Built target learning_service_generate_messages_py
[35m[1mScanning dependencies of target learning_service_generate_messages_cpp[0m
[ 72%] [34m[1mGenerating C++ code from learning_service/Person.srv[0m
[ 81%] [34m[1mGenerating EusLisp manifest code for learning_service[0m
[ 81%] Built target learning_service_generate_messages_cpp
[ 90%] [32m[1mLinking CXX executable /home/lizh/workspace/learning_ws/devel/.private/learning_service/lib/learning_service/turtle_spawn[0m
[ 90%] Built target learning_service_generate_messages_eus
[100%] [32m[1mLinking CXX executable /home/lizh/workspace/learning_ws/devel/.private/learning_service/lib/learning_service/turtle_command_server[0m
[35m[1mScanning dependencies of target learning_service_generate_messages[0m
[100%] Built target learning_service_generate_messages
[100%] Built target turtle_spawn
[100%] Built target turtle_command_server
