[35m[1mScanning dependencies of target std_srvs_generate_messages_py[0m
[  0%] Built target std_msgs_generate_messages_py
[  0%] Built target std_srvs_generate_messages_py
[ 13%] Built target turtle_command_server
[ 26%] Built target turtle_spawn
[ 26%] Built target std_msgs_generate_messages_eus
[ 26%] Built target std_msgs_generate_messages_lisp
[ 26%] Built target std_msgs_generate_messages_cpp
[35m[1mScanning dependencies of target std_srvs_generate_messages_lisp[0m
[35m[1mScanning dependencies of target geometry_msgs_generate_messages_py[0m
[ 26%] Built target std_srvs_generate_messages_lisp
[ 26%] Built target geometry_msgs_generate_messages_py
[ 26%] Built target _learning_service_generate_messages_check_deps_Person
[ 26%] Built target std_msgs_generate_messages_nodejs
[35m[1mScanning dependencies of target turtlesim_generate_messages_cpp[0m
[35m[1mScanning dependencies of target roscpp_generate_messages_cpp[0m
[35m[1mScanning dependencies of target roscpp_generate_messages_py[0m
[35m[1mScanning dependencies of target rosgraph_msgs_generate_messages_py[0m
[ 26%] Built target roscpp_generate_messages_cpp
[ 26%] Built target turtlesim_generate_messages_cpp
[ 26%] Built target rosgraph_msgs_generate_messages_py
[ 26%] Built target roscpp_generate_messages_py
[35m[1mScanning dependencies of target roscpp_generate_messages_lisp[0m
[35m[1mScanning dependencies of target geometry_msgs_generate_messages_nodejs[0m
[35m[1mScanning dependencies of target geometry_msgs_generate_messages_lisp[0m
[35m[1mScanning dependencies of target std_srvs_generate_messages_eus[0m
[ 26%] Built target geometry_msgs_generate_messages_nodejs
[ 26%] Built target roscpp_generate_messages_lisp
[ 26%] Built target geometry_msgs_generate_messages_lisp
[ 26%] Built target std_srvs_generate_messages_eus
[35m[1mScanning dependencies of target geometry_msgs_generate_messages_cpp[0m
[35m[1mScanning dependencies of target roscpp_generate_messages_nodejs[0m
[35m[1mScanning dependencies of target roscpp_generate_messages_eus[0m
[35m[1mScanning dependencies of target geometry_msgs_generate_messages_eus[0m
[ 26%] Built target geometry_msgs_generate_messages_cpp
[ 26%] Built target roscpp_generate_messages_nodejs
[ 26%] Built target geometry_msgs_generate_messages_eus
[ 26%] Built target roscpp_generate_messages_eus
[35m[1mScanning dependencies of target rosgraph_msgs_generate_messages_cpp[0m
[35m[1mScanning dependencies of target rosgraph_msgs_generate_messages_eus[0m
[35m[1mScanning dependencies of target rosgraph_msgs_generate_messages_lisp[0m
[35m[1mScanning dependencies of target std_srvs_generate_messages_cpp[0m
[ 26%] Built target rosgraph_msgs_generate_messages_cpp
[ 26%] Built target rosgraph_msgs_generate_messages_eus
[ 26%] Built target rosgraph_msgs_generate_messages_lisp
[ 26%] Built target std_srvs_generate_messages_cpp
[35m[1mScanning dependencies of target turtlesim_generate_messages_eus[0m
[35m[1mScanning dependencies of target std_srvs_generate_messages_nodejs[0m
[35m[1mScanning dependencies of target turtlesim_generate_messages_lisp[0m
[35m[1mScanning dependencies of target rosgraph_msgs_generate_messages_nodejs[0m
[ 26%] Built target turtlesim_generate_messages_eus
[ 26%] Built target std_srvs_generate_messages_nodejs
[ 26%] Built target turtlesim_generate_messages_lisp
[35m[1mScanning dependencies of target turtlesim_generate_messages_nodejs[0m
[ 26%] Built target rosgraph_msgs_generate_messages_nodejs
[35m[1mScanning dependencies of target turtlesim_generate_messages_py[0m
[ 26%] Built target turtlesim_generate_messages_nodejs
[ 26%] Built target turtlesim_generate_messages_py
[ 33%] Built target learning_service_generate_messages_lisp
[ 46%] Built target learning_service_generate_messages_py
[ 60%] Built target learning_service_generate_messages_eus
[ 66%] Built target learning_service_generate_messages_cpp
[ 73%] Built target learning_service_generate_messages_nodejs
[35m[1mScanning dependencies of target learning_service_gencpp[0m
[ 73%] Built target learning_service_gencpp
[ 73%] Built target learning_service_generate_messages
[35m[1mScanning dependencies of target person_server[0m
[35m[1mScanning dependencies of target person_client[0m
[ 86%] [32mBuilding CXX object CMakeFiles/person_client.dir/src/person_client.cpp.o[0m
[ 86%] [32mBuilding CXX object CMakeFiles/person_server.dir/src/person_server.cpp.o[0m
[ 93%] [32m[1mLinking CXX executable /home/lizh/workspace/learning_ws/devel/.private/learning_service/lib/learning_service/person_client[0m
[100%] [32m[1mLinking CXX executable /home/lizh/workspace/learning_ws/devel/.private/learning_service/lib/learning_service/person_server[0m
[100%] Built target person_client
[100%] Built target person_server
