Linked: (/home/lizh/workspace/learning_ws/devel/.private/learning_service/share/gennodejs/ros/learning_service/_index.js, /home/lizh/workspace/learning_ws/devel/share/gennodejs/ros/learning_service/_index.js)
Linked: (/home/lizh/workspace/learning_ws/devel/.private/learning_service/share/gennodejs/ros/learning_service/srv/Person.js, /home/lizh/workspace/learning_ws/devel/share/gennodejs/ros/learning_service/srv/Person.js)
Linked: (/home/lizh/workspace/learning_ws/devel/.private/learning_service/share/gennodejs/ros/learning_service/srv/_index.js, /home/lizh/workspace/learning_ws/devel/share/gennodejs/ros/learning_service/srv/_index.js)
Linked: (/home/lizh/workspace/learning_ws/devel/.private/learning_service/share/roseus/ros/learning_service/manifest.l, /home/lizh/workspace/learning_ws/devel/share/roseus/ros/learning_service/manifest.l)
Linked: (/home/lizh/workspace/learning_ws/devel/.private/learning_service/share/roseus/ros/learning_service/srv/Person.l, /home/lizh/workspace/learning_ws/devel/share/roseus/ros/learning_service/srv/Person.l)
Linked: (/home/lizh/workspace/learning_ws/devel/.private/learning_service/share/learning_service/cmake/learning_serviceConfig.cmake, /home/lizh/workspace/learning_ws/devel/share/learning_service/cmake/learning_serviceConfig.cmake)
Linked: (/home/lizh/workspace/learning_ws/devel/.private/learning_service/share/learning_service/cmake/learning_service-msg-paths.cmake, /home/lizh/workspace/learning_ws/devel/share/learning_service/cmake/learning_service-msg-paths.cmake)
Linked: (/home/lizh/workspace/learning_ws/devel/.private/learning_service/share/learning_service/cmake/learning_service-msg-extras.cmake, /home/lizh/workspace/learning_ws/devel/share/learning_service/cmake/learning_service-msg-extras.cmake)
Linked: (/home/lizh/workspace/learning_ws/devel/.private/learning_service/share/learning_service/cmake/learning_serviceConfig-version.cmake, /home/lizh/workspace/learning_ws/devel/share/learning_service/cmake/learning_serviceConfig-version.cmake)
Linked: (/home/lizh/workspace/learning_ws/devel/.private/learning_service/share/common-lisp/ros/learning_service/srv/Person.lisp, /home/lizh/workspace/learning_ws/devel/share/common-lisp/ros/learning_service/srv/Person.lisp)
Linked: (/home/lizh/workspace/learning_ws/devel/.private/learning_service/share/common-lisp/ros/learning_service/srv/_package.lisp, /home/lizh/workspace/learning_ws/devel/share/common-lisp/ros/learning_service/srv/_package.lisp)
Linked: (/home/lizh/workspace/learning_ws/devel/.private/learning_service/share/common-lisp/ros/learning_service/srv/learning_service-srv.asd, /home/lizh/workspace/learning_ws/devel/share/common-lisp/ros/learning_service/srv/learning_service-srv.asd)
Linked: (/home/lizh/workspace/learning_ws/devel/.private/learning_service/share/common-lisp/ros/learning_service/srv/_package_Person.lisp, /home/lizh/workspace/learning_ws/devel/share/common-lisp/ros/learning_service/srv/_package_Person.lisp)
Linked: (/home/lizh/workspace/learning_ws/devel/.private/learning_service/include/learning_service/Person.h, /home/lizh/workspace/learning_ws/devel/include/learning_service/Person.h)
Linked: (/home/lizh/workspace/learning_ws/devel/.private/learning_service/include/learning_service/PersonResponse.h, /home/lizh/workspace/learning_ws/devel/include/learning_service/PersonResponse.h)
Linked: (/home/lizh/workspace/learning_ws/devel/.private/learning_service/include/learning_service/PersonRequest.h, /home/lizh/workspace/learning_ws/devel/include/learning_service/PersonRequest.h)
Symlinking /home/lizh/workspace/learning_ws/devel/lib/learning_service/person_client
Symlinking /home/lizh/workspace/learning_ws/devel/lib/learning_service/person_server
Linked: (/home/lizh/workspace/learning_ws/devel/.private/learning_service/lib/learning_service/turtle_command_server, /home/lizh/workspace/learning_ws/devel/lib/learning_service/turtle_command_server)
Linked: (/home/lizh/workspace/learning_ws/devel/.private/learning_service/lib/learning_service/turtle_spawn, /home/lizh/workspace/learning_ws/devel/lib/learning_service/turtle_spawn)
Linked: (/home/lizh/workspace/learning_ws/devel/.private/learning_service/lib/python2.7/dist-packages/learning_service/__init__.py, /home/lizh/workspace/learning_ws/devel/lib/python2.7/dist-packages/learning_service/__init__.py)
Linked: (/home/lizh/workspace/learning_ws/devel/.private/learning_service/lib/python2.7/dist-packages/learning_service/srv/__init__.py, /home/lizh/workspace/learning_ws/devel/lib/python2.7/dist-packages/learning_service/srv/__init__.py)
Linked: (/home/lizh/workspace/learning_ws/devel/.private/learning_service/lib/python2.7/dist-packages/learning_service/srv/_Person.py, /home/lizh/workspace/learning_ws/devel/lib/python2.7/dist-packages/learning_service/srv/_Person.py)
Linked: (/home/lizh/workspace/learning_ws/devel/.private/learning_service/lib/pkgconfig/learning_service.pc, /home/lizh/workspace/learning_ws/devel/lib/pkgconfig/learning_service.pc)
