Symlinking /home/lizh/workspace/learning_ws/devel/share/gennodejs/ros/learning_service/_index.js
Symlinking /home/lizh/workspace/learning_ws/devel/share/gennodejs/ros/learning_service/srv/Person.js
Symlinking /home/lizh/workspace/learning_ws/devel/share/gennodejs/ros/learning_service/srv/_index.js
Symlinking /home/lizh/workspace/learning_ws/devel/share/roseus/ros/learning_service/manifest.l
Symlinking /home/lizh/workspace/learning_ws/devel/share/roseus/ros/learning_service/srv/Person.l
Linked: (/home/lizh/workspace/learning_ws/devel/.private/learning_service/share/learning_service/cmake/learning_serviceConfig.cmake, /home/lizh/workspace/learning_ws/devel/share/learning_service/cmake/learning_serviceConfig.cmake)
Symlinking /home/lizh/workspace/learning_ws/devel/share/learning_service/cmake/learning_service-msg-paths.cmake
Symlinking /home/lizh/workspace/learning_ws/devel/share/learning_service/cmake/learning_service-msg-extras.cmake
Linked: (/home/lizh/workspace/learning_ws/devel/.private/learning_service/share/learning_service/cmake/learning_serviceConfig-version.cmake, /home/lizh/workspace/learning_ws/devel/share/learning_service/cmake/learning_serviceConfig-version.cmake)
Symlinking /home/lizh/workspace/learning_ws/devel/share/common-lisp/ros/learning_service/srv/Person.lisp
Symlinking /home/lizh/workspace/learning_ws/devel/share/common-lisp/ros/learning_service/srv/_package.lisp
Symlinking /home/lizh/workspace/learning_ws/devel/share/common-lisp/ros/learning_service/srv/learning_service-srv.asd
Symlinking /home/lizh/workspace/learning_ws/devel/share/common-lisp/ros/learning_service/srv/_package_Person.lisp
Symlinking /home/lizh/workspace/learning_ws/devel/include/learning_service/Person.h
Symlinking /home/lizh/workspace/learning_ws/devel/include/learning_service/PersonResponse.h
Symlinking /home/lizh/workspace/learning_ws/devel/include/learning_service/PersonRequest.h
Linked: (/home/lizh/workspace/learning_ws/devel/.private/learning_service/lib/learning_service/turtle_command_server, /home/lizh/workspace/learning_ws/devel/lib/learning_service/turtle_command_server)
Linked: (/home/lizh/workspace/learning_ws/devel/.private/learning_service/lib/learning_service/turtle_spawn, /home/lizh/workspace/learning_ws/devel/lib/learning_service/turtle_spawn)
Symlinking /home/lizh/workspace/learning_ws/devel/lib/python2.7/dist-packages/learning_service/__init__.py
Symlinking /home/lizh/workspace/learning_ws/devel/lib/python2.7/dist-packages/learning_service/srv/__init__.py
Symlinking /home/lizh/workspace/learning_ws/devel/lib/python2.7/dist-packages/learning_service/srv/_Person.py
Linked: (/home/lizh/workspace/learning_ws/devel/.private/learning_service/lib/pkgconfig/learning_service.pc, /home/lizh/workspace/learning_ws/devel/lib/pkgconfig/learning_service.pc)
