In file included from [01m[K/opt/ros/melodic/include/ros/node_handle.h:35:0[m[K,
                 from [01m[K/opt/ros/melodic/include/ros/ros.h:45[m[K,
                 from [01m[K/home/lizh/workspace/learning_ws/src/learning_parameter/src/parameter_config.cpp:12[m[K:
/opt/ros/melodic/include/ros/service_client.h: In instantiation of ‘[01m[Kbool ros::ServiceClient::call(Service&) [with Service = std_msgs::Empty_<std::allocator<void> >][m[K’:
[01m[K/home/lizh/workspace/learning_ws/src/learning_parameter/src/parameter_config.cpp:39:30:[m[K   required from here
[01m[K/opt/ros/melodic/include/ros/service_client.h:91:25:[m[K [01;31m[Kerror: [m[K‘[01m[Kstruct std_msgs::Empty_<std::allocator<void> >[m[K’ has no member named ‘[01m[Krequest[m[K’
     return call([01;31m[Kservice.request[m[K, service.response, st::md5sum(service));
                 [01;31m[K~~~~~~~~^~~~~~~[m[K
[01m[K/opt/ros/melodic/include/ros/service_client.h:91:42:[m[K [01;31m[Kerror: [m[K‘[01m[Kstruct std_msgs::Empty_<std::allocator<void> >[m[K’ has no member named ‘[01m[Kresponse[m[K’
     return call(service.request, [01;31m[Kservice.response[m[K, st::md5sum(service));
                                  [01;31m[K~~~~~~~~^~~~~~~~[m[K
In file included from [01m[K/opt/ros/melodic/include/ros/service_client.h:33:0[m[K,
                 from [01m[K/opt/ros/melodic/include/ros/node_handle.h:35[m[K,
                 from [01m[K/opt/ros/melodic/include/ros/ros.h:45[m[K,
                 from [01m[K/home/lizh/workspace/learning_ws/src/learning_parameter/src/parameter_config.cpp:12[m[K:
/opt/ros/melodic/include/ros/service_traits.h: In instantiation of ‘[01m[Kstatic const char* ros::service_traits::MD5Sum<M>::value() [with M = std_msgs::Empty_<std::allocator<void> >][m[K’:
[01m[K/opt/ros/melodic/include/ros/service_traits.h:79:102:[m[K   required from ‘[01m[Kconst char* ros::service_traits::md5sum() [with M = std_msgs::Empty_<std::allocator<void> >][m[K’
[01m[K/opt/ros/melodic/include/ros/service_client_options.h:95:33:[m[K   required from ‘[01m[Kvoid ros::ServiceClientOptions::init(const string&, bool, const M_string&) [with Service = std_msgs::Empty_<std::allocator<void> >; std::__cxx11::string = std::__cxx11::basic_string<char>; ros::M_string = std::map<std::__cxx11::basic_string<char>, std::__cxx11::basic_string<char> >][m[K’
[01m[K/opt/ros/melodic/include/ros/node_handle.h:1264:5:[m[K   required from ‘[01m[Kros::ServiceClient ros::NodeHandle::serviceClient(const string&, bool, const M_string&) [with Service = std_msgs::Empty_<std::allocator<void> >; std::__cxx11::string = std::__cxx11::basic_string<char>; ros::M_string = std::map<std::__cxx11::basic_string<char>, std::__cxx11::basic_string<char> >][m[K’
[01m[K/home/lizh/workspace/learning_ws/src/learning_parameter/src/parameter_config.cpp:37:87:[m[K   required from here
[01m[K/opt/ros/melodic/include/ros/service_traits.h:47:34:[m[K [01;31m[Kerror: [m[K‘[01m[K__s_getServerMD5Sum[m[K’ is not a member of ‘[01m[Kstd_msgs::Empty_<std::allocator<void> >[m[K’
     return [01;31m[KM::__s_getServerMD5Sum()[m[K.c_str();
            [01;31m[K~~~~~~~~~~~~~~~~~~~~~~^~[m[K
make[2]: *** [CMakeFiles/parameter_config.dir/src/parameter_config.cpp.o] Error 1
make[1]: *** [CMakeFiles/parameter_config.dir/all] Error 2
make: *** [all] Error 2
