[35m[1mScanning dependencies of target turtle_tf2_pub[0m
[35m[1mScanning dependencies of target create_turtle[0m
[ 37%] Built target turtle_tf_broadcaster
[ 50%] Built target turtle_tf_listener
[ 62%] [32mBuilding CXX object CMakeFiles/create_turtle.dir/src/create_turtle.cpp.o[0m
[ 75%] [32mBuilding CXX object CMakeFiles/turtle_tf2_pub.dir/src/turtle_tf2_pub.cpp.o[0m
In file included from [01m[K/usr/include/boost/function/detail/maybe_include.hpp:18:0[m[K,
                 from [01m[K/usr/include/boost/function/detail/function_iterate.hpp:14[m[K,
                 from [01m[K/usr/include/boost/preprocessor/iteration/detail/iter/forward1.hpp:52[m[K,
                 from [01m[K/usr/include/boost/function.hpp:64[m[K,
                 from [01m[K/opt/ros/melodic/include/ros/forwards.h:40[m[K,
                 from [01m[K/opt/ros/melodic/include/ros/common.h:37[m[K,
                 from [01m[K/opt/ros/melodic/include/ros/ros.h:43[m[K,
                 from [01m[K/home/lizh/workspace/learning_ws/src/learning_tf/src/turtle_tf2_pub.cpp:11[m[K:
/usr/include/boost/function/function_template.hpp: In instantiation of ‘[01m[Kstatic void boost::detail::function::void_function_invoker1<FunctionPtr, R, T0>::invoke(boost::detail::function::function_buffer&, T0) [with FunctionPtr = void (*)(); R = void; T0 = const boost::shared_ptr<const turtlesim::Pose_<std::allocator<void> > >&][m[K’:
[01m[K/usr/include/boost/function/function_template.hpp:925:38:[m[K   required from ‘[01m[Kvoid boost::function1<R, T1>::assign_to(Functor) [with Functor = void (*)(); R = void; T0 = const boost::shared_ptr<const turtlesim::Pose_<std::allocator<void> > >&][m[K’
[01m[K/usr/include/boost/function/function_template.hpp:716:7:[m[K   required from ‘[01m[Kboost::function1<R, T1>::function1(Functor, typename boost::enable_if_c<(! boost::is_integral<Functor>::value), int>::type) [with Functor = void (*)(); R = void; T0 = const boost::shared_ptr<const turtlesim::Pose_<std::allocator<void> > >&; typename boost::enable_if_c<(! boost::is_integral<Functor>::value), int>::type = int][m[K’
[01m[K/usr/include/boost/function/function_template.hpp:1061:16:[m[K   required from ‘[01m[Kboost::function<R(T0)>::function(Functor, typename boost::enable_if_c<(! boost::is_integral<Functor>::value), int>::type) [with Functor = void (*)(); R = void; T0 = const boost::shared_ptr<const turtlesim::Pose_<std::allocator<void> > >&; typename boost::enable_if_c<(! boost::is_integral<Functor>::value), int>::type = int][m[K’
[01m[K/home/lizh/workspace/learning_ws/src/learning_tf/src/turtle_tf2_pub.cpp:38:90:[m[K   required from here
[01m[K/usr/include/boost/function/function_template.hpp:118:11:[m[K [01;31m[Kerror: [m[Ktoo many arguments to function
           [01;31m[KB[m[KOOST_FUNCTION_RETURN(f(BOOST_FUNCTION_ARGS));
           [01;31m[K^[m[K
CMakeFiles/turtle_tf2_pub.dir/build.make:62: recipe for target 'CMakeFiles/turtle_tf2_pub.dir/src/turtle_tf2_pub.cpp.o' failed
make[2]: *** [CMakeFiles/turtle_tf2_pub.dir/src/turtle_tf2_pub.cpp.o] Error 1
CMakeFiles/Makefile2:1714: recipe for target 'CMakeFiles/turtle_tf2_pub.dir/all' failed
make[1]: *** [CMakeFiles/turtle_tf2_pub.dir/all] Error 2
make[1]: *** Waiting for unfinished jobs....
[ 87%] [32m[1mLinking CXX executable /home/lizh/workspace/learning_ws/devel/.private/learning_tf/lib/learning_tf/create_turtle[0m
[ 87%] Built target create_turtle
Makefile:140: recipe for target 'all' failed
make: *** [all] Error 2
